{
  "RSpec": {
    "coverage": {
      "/Users/kevintownsend/codefellows/portfolio/config/environment.rb": [
        null,
        1,
        null,
        null,
        1
      ],
      "/Users/kevintownsend/codefellows/portfolio/config/environments/test.rb": [
        1,
        null,
        null,
        null,
        null,
        null,
        null,
        1,
        null,
        null,
        null,
        null,
        1,
        null,
        null,
        1,
        1,
        null,
        null,
        1,
        1,
        null,
        null,
        1,
        null,
        null,
        1,
        null,
        null,
        null,
        null,
        1,
        null,
        null,
        1,
        null,
        null,
        1,
        null,
        null,
        null,
        null
      ],
      "/Users/kevintownsend/codefellows/portfolio/config/initializers/assets.rb": [
        null,
        null,
        null,
        1,
        null,
        null,
        null,
        null,
        null,
        null,
        null
      ],
      "/Users/kevintownsend/codefellows/portfolio/config/initializers/backtrace_silencers.rb": [
        null,
        null,
        null,
        null,
        null,
        null,
        null
      ],
      "/Users/kevintownsend/codefellows/portfolio/config/initializers/cookies_serializer.rb": [
        null,
        null,
        1
      ],
      "/Users/kevintownsend/codefellows/portfolio/config/initializers/devise.rb": [
        null,
        null,
        1,
        null,
        null,
        null,
        null,
        null,
        null,
        null,
        null,
        null,
        1,
        null,
        null,
        null,
        null,
        null,
        null,
        null,
        null,
        1,
        null,
        null,
        null,
        null,
        null,
        null,
        null,
        null,
        null,
        null,
        null,
        null,
        null,
        null,
        null,
        null,
        null,
        null,
        null,
        null,
        null,
        1,
        null,
        null,
        null,
        null,
        1,
        null,
        null,
        null,
        null,
        null,
        null,
        null,
        null,
        null,
        null,
        null,
        null,
        null,
        null,
        null,
        null,
        null,
        null,
        null,
        null,
        null,
        null,
        null,
        null,
        null,
        null,
        null,
        null,
        null,
        null,
        1,
        null,
        null,
        null,
        null,
        null,
        null,
        null,
        null,
        null,
        null,
        null,
        null,
        null,
        null,
        null,
        null,
        1,
        null,
        null,
        null,
        null,
        null,
        null,
        null,
        null,
        null,
        null,
        null,
        null,
        null,
        null,
        null,
        null,
        null,
        null,
        null,
        null,
        null,
        null,
        null,
        null,
        1,
        null,
        null,
        null,
        null,
        null,
        null,
        null,
        null,
        null,
        1,
        null,
        null,
        null,
        null,
        null,
        null,
        null,
        null,
        null,
        null,
        1,
        null,
        null,
        null,
        null,
        null,
        null,
        null,
        null,
        null,
        null,
        null,
        null,
        null,
        null,
        null,
        null,
        null,
        null,
        null,
        null,
        null,
        null,
        null,
        null,
        null,
        null,
        null,
        null,
        null,
        null,
        null,
        null,
        null,
        null,
        null,
        null,
        null,
        null,
        null,
        null,
        null,
        null,
        null,
        null,
        null,
        null,
        null,
        null,
        1,
        null,
        null,
        null,
        null,
        null,
        null,
        null,
        null,
        null,
        null,
        null,
        null,
        null,
        null,
        null,
        null,
        null,
        null,
        null,
        null,
        null,
        null,
        null,
        null,
        null,
        null,
        null,
        null,
        null,
        null,
        null,
        null,
        null,
        null,
        null,
        null,
        null,
        1,
        null,
        null,
        null,
        null,
        null,
        null,
        null,
        null,
        null,
        null,
        null,
        null,
        null,
        null,
        null,
        null,
        null,
        null,
        null,
        null,
        null,
        null,
        null,
        null,
        null,
        null,
        null,
        null,
        null
      ],
      "/Users/kevintownsend/codefellows/portfolio/config/initializers/filter_parameter_logging.rb": [
        null,
        null,
        null,
        1
      ],
      "/Users/kevintownsend/codefellows/portfolio/config/initializers/inflections.rb": [
        null,
        null,
        null,
        null,
        null,
        null,
        null,
        null,
        null,
        null,
        null,
        null,
        null,
        null,
        null,
        null
      ],
      "/Users/kevintownsend/codefellows/portfolio/config/initializers/mime_types.rb": [
        null,
        null,
        null,
        null
      ],
      "/Users/kevintownsend/codefellows/portfolio/config/initializers/session_store.rb": [
        null,
        null,
        1
      ],
      "/Users/kevintownsend/codefellows/portfolio/config/initializers/wrap_parameters.rb": [
        null,
        null,
        null,
        null,
        null,
        null,
        1,
        1,
        null,
        null,
        null,
        null,
        null,
        null
      ],
      "/Users/kevintownsend/codefellows/portfolio/config/routes.rb": [
        1,
        null,
        null,
        1,
        null,
        1,
        null,
        1,
        1,
        null,
        null,
        null,
        1,
        null,
        null,
        null,
        null,
        null,
        null,
        null,
        null,
        null,
        null,
        null,
        null,
        null,
        null,
        null,
        null,
        null,
        null,
        null,
        null,
        null,
        null,
        null,
        null,
        null,
        null,
        null,
        null,
        null,
        null,
        null,
        null,
        null,
        null,
        null,
        null,
        null,
        null,
        null,
        null,
        null,
        null,
        null,
        null,
        null,
        null,
        null,
        null,
        null,
        null,
        null,
        null,
        null,
        null,
        null
      ],
      "/Users/kevintownsend/codefellows/portfolio/app/models/user.rb": [
        1,
        null,
        null,
        null,
        1,
        1,
        null,
        null,
        1,
        281,
        null,
        null,
        1,
        7,
        null,
        null
      ],
      "/Users/kevintownsend/codefellows/portfolio/app/helpers/application_helper.rb": [
        1,
        null
      ],
      "/Users/kevintownsend/codefellows/portfolio/app/helpers/articles_helper.rb": [
        1,
        null
      ],
      "/Users/kevintownsend/codefellows/portfolio/app/helpers/comments_helper.rb": [
        1,
        null
      ],
      "/Users/kevintownsend/codefellows/portfolio/app/helpers/projects_helper.rb": [
        1,
        null
      ],
      "/Users/kevintownsend/codefellows/portfolio/app/models/article.rb": [
        1,
        1,
        1,
        null,
        1,
        68,
        null,
        null
      ],
      "/Users/kevintownsend/codefellows/portfolio/app/models/comment.rb": [
        1,
        1,
        null
      ],
      "/Users/kevintownsend/codefellows/portfolio/app/models/identity.rb": [
        1,
        1,
        null
      ],
      "/Users/kevintownsend/codefellows/portfolio/app/models/project.rb": [
        1,
        null
      ],
      "/Users/kevintownsend/codefellows/portfolio/app/controllers/articles_controller.rb": [
        1,
        1,
        1,
        null,
        null,
        null,
        1,
        null,
        21,
        null,
        null,
        null,
        null,
        1,
        11,
        null,
        null,
        null,
        1,
        4,
        null,
        null,
        null,
        1,
        null,
        null,
        null,
        null,
        1,
        3,
        3,
        null,
        3,
        3,
        6,
        3,
        null,
        0,
        0,
        null,
        null,
        null,
        null,
        null,
        null,
        1,
        2,
        2,
        4,
        2,
        null,
        0,
        0,
        null,
        null,
        null,
        null,
        null,
        null,
        1,
        3,
        3,
        6,
        3,
        null,
        null,
        null,
        1,
        null,
        1,
        20,
        null,
        null,
        null,
        1,
        5,
        null,
        null
      ],
      "/Users/kevintownsend/codefellows/portfolio/app/controllers/application_controller.rb": [
        1,
        null,
        null,
        1,
        1,
        null
      ],
      "/Users/kevintownsend/codefellows/portfolio/app/policies/article_policy.rb": [
        1,
        1,
        null,
        1,
        0,
        0,
        null,
        null,
        1,
        null,
        0,
        null,
        null,
        1,
        169,
        null,
        null,
        1,
        89,
        null,
        null,
        1,
        167,
        null,
        null,
        1,
        1,
        21,
        6,
        15,
        7,
        null,
        8,
        null,
        null,
        null,
        null,
        null
      ],
      "/Users/kevintownsend/codefellows/portfolio/app/policies/application_policy.rb": [
        1,
        1,
        null,
        1,
        366,
        366,
        null,
        null,
        1,
        0,
        null,
        null,
        1,
        0,
        null,
        null,
        1,
        0,
        null,
        null,
        1,
        0,
        null,
        null,
        1,
        15,
        null,
        null,
        1,
        15,
        null,
        null,
        1,
        15,
        null,
        null,
        1,
        0,
        null,
        null,
        1,
        1,
        null,
        1,
        21,
        21,
        null,
        null,
        1,
        0,
        null,
        null,
        null,
        1,
        1,
        76,
        null,
        null,
        1,
        8,
        null,
        null,
        null,
        null
      ],
      "/Users/kevintownsend/codefellows/portfolio/app/controllers/static_controller.rb": [
        1,
        1,
        null,
        null
      ],
      "/Users/kevintownsend/codefellows/portfolio/app/controllers/projects_controller.rb": [
        1,
        1,
        1,
        null,
        null,
        null,
        1,
        5,
        null,
        null,
        null,
        null,
        1,
        3,
        3,
        3,
        null,
        null,
        null,
        null,
        1,
        2,
        null,
        null,
        null,
        1,
        1,
        2,
        1,
        null,
        null,
        null,
        null,
        null,
        1,
        2,
        null,
        2,
        2,
        4,
        2,
        2,
        null,
        0,
        0,
        null,
        null,
        null,
        null,
        null,
        null,
        1,
        1,
        1,
        2,
        1,
        1,
        null,
        0,
        0,
        0,
        null,
        null,
        null,
        null,
        null,
        null,
        1,
        1,
        1,
        1,
        2,
        1,
        1,
        null,
        null,
        null,
        1,
        null,
        1,
        6,
        null,
        null,
        null,
        1,
        3,
        null,
        null
      ],
      "/Users/kevintownsend/codefellows/portfolio/app/policies/comment_policy.rb": [
        1,
        1,
        null,
        null,
        null
      ],
      "/Users/kevintownsend/codefellows/portfolio/app/controllers/comments_controller.rb": [
        1,
        null,
        1,
        0,
        null,
        null,
        1,
        null,
        null,
        1,
        null,
        null,
        1,
        null,
        null,
        1,
        1,
        1,
        null,
        1,
        1,
        2,
        1,
        null,
        0,
        0,
        null,
        null,
        null,
        null,
        1,
        0,
        0,
        0,
        0,
        null,
        0,
        null,
        null,
        null,
        1,
        null,
        1,
        1,
        null,
        null,
        null
      ]
    },
    "timestamp": 1430096638
  }
}
